<?xml version="1.0" encoding="UTF-8"?>
<testsuite xmlns:xsi="http://www.w3.org/2001/XMLSchema-instance" xsi:noNamespaceSchemaLocation="https://maven.apache.org/surefire/maven-surefire-plugin/xsd/surefire-test-report.xsd" name="upf.edu.TwitterFilterTest" time="0.077" tests="4" errors="0" skipped="0" failures="0">
  <properties>
    <property name="sun.desktop" value="gnome"/>
    <property name="awt.toolkit" value="sun.awt.X11.XToolkit"/>
    <property name="java.specification.version" value="11"/>
    <property name="sun.cpu.isalist" value=""/>
    <property name="sun.jnu.encoding" value="UTF-8"/>
    <property name="java.class.path" value="/home/carlos/Desktop/UNIVERSIDAD/LDS/LSDSP2/lab2/LSDS-Lab2/Lab 2/target/test-classes:/home/carlos/Desktop/UNIVERSIDAD/LDS/LSDSP2/lab2/LSDS-Lab2/Lab 2/target/classes:/home/carlos/.m2/repository/commons-logging/commons-logging/1.2/commons-logging-1.2.jar:/home/carlos/.m2/repository/com/google/code/gson/gson/2.8.6/gson-2.8.6.jar:/home/carlos/.m2/repository/com/amazonaws/aws-java-sdk-s3/1.11.714/aws-java-sdk-s3-1.11.714.jar:/home/carlos/.m2/repository/com/amazonaws/aws-java-sdk-kms/1.11.714/aws-java-sdk-kms-1.11.714.jar:/home/carlos/.m2/repository/com/amazonaws/aws-java-sdk-core/1.11.714/aws-java-sdk-core-1.11.714.jar:/home/carlos/.m2/repository/org/apache/httpcomponents/httpclient/4.5.9/httpclient-4.5.9.jar:/home/carlos/.m2/repository/org/apache/httpcomponents/httpcore/4.4.11/httpcore-4.4.11.jar:/home/carlos/.m2/repository/commons-codec/commons-codec/1.11/commons-codec-1.11.jar:/home/carlos/.m2/repository/software/amazon/ion/ion-java/1.0.2/ion-java-1.0.2.jar:/home/carlos/.m2/repository/com/fasterxml/jackson/core/jackson-databind/2.6.7.3/jackson-databind-2.6.7.3.jar:/home/carlos/.m2/repository/com/fasterxml/jackson/core/jackson-annotations/2.6.0/jackson-annotations-2.6.0.jar:/home/carlos/.m2/repository/com/fasterxml/jackson/core/jackson-core/2.6.7/jackson-core-2.6.7.jar:/home/carlos/.m2/repository/com/fasterxml/jackson/dataformat/jackson-dataformat-cbor/2.6.7/jackson-dataformat-cbor-2.6.7.jar:/home/carlos/.m2/repository/joda-time/joda-time/2.8.1/joda-time-2.8.1.jar:/home/carlos/.m2/repository/com/amazonaws/jmespath-java/1.11.714/jmespath-java-1.11.714.jar:/home/carlos/.m2/repository/commons-io/commons-io/2.6/commons-io-2.6.jar:/home/carlos/.m2/repository/org/apache/commons/commons-lang3/3.9/commons-lang3-3.9.jar:/home/carlos/.m2/repository/javax/xml/bind/jaxb-api/2.3.1/jaxb-api-2.3.1.jar:/home/carlos/.m2/repository/javax/activation/javax.activation-api/1.2.0/javax.activation-api-1.2.0.jar:/home/carlos/.m2/repository/org/apache/logging/log4j/log4j-core/2.13.0/log4j-core-2.13.0.jar:/home/carlos/.m2/repository/org/apache/logging/log4j/log4j-api/2.13.0/log4j-api-2.13.0.jar:/home/carlos/.m2/repository/junit/junit/4.11/junit-4.11.jar:/home/carlos/.m2/repository/org/hamcrest/hamcrest-core/1.3/hamcrest-core-1.3.jar:/home/carlos/.m2/repository/org/jetbrains/annotations/19.0.0/annotations-19.0.0.jar:"/>
    <property name="java.vm.vendor" value="Ubuntu"/>
    <property name="sun.arch.data.model" value="64"/>
    <property name="java.vendor.url" value="https://ubuntu.com/"/>
    <property name="user.timezone" value=""/>
    <property name="java.vm.specification.version" value="11"/>
    <property name="os.name" value="Linux"/>
    <property name="sun.java.launcher" value="SUN_STANDARD"/>
    <property name="user.country" value="US"/>
    <property name="sun.boot.library.path" value="/usr/lib/jvm/java-11-openjdk-amd64/lib"/>
    <property name="sun.java.command" value="/home/carlos/Desktop/UNIVERSIDAD/LDS/LSDSP2/lab2/LSDS-Lab2/Lab 2/target/surefire/surefirebooter15127123967175279383.jar /home/carlos/Desktop/UNIVERSIDAD/LDS/LSDSP2/lab2/LSDS-Lab2/Lab 2/target/surefire 2020-02-15T12-59-32_125-jvmRun1 surefire7510083228466750614tmp surefire_011981068711177063078tmp"/>
    <property name="jdk.debug" value="release"/>
    <property name="surefire.test.class.path" value="/home/carlos/Desktop/UNIVERSIDAD/LDS/LSDSP2/lab2/LSDS-Lab2/Lab 2/target/test-classes:/home/carlos/Desktop/UNIVERSIDAD/LDS/LSDSP2/lab2/LSDS-Lab2/Lab 2/target/classes:/home/carlos/.m2/repository/commons-logging/commons-logging/1.2/commons-logging-1.2.jar:/home/carlos/.m2/repository/com/google/code/gson/gson/2.8.6/gson-2.8.6.jar:/home/carlos/.m2/repository/com/amazonaws/aws-java-sdk-s3/1.11.714/aws-java-sdk-s3-1.11.714.jar:/home/carlos/.m2/repository/com/amazonaws/aws-java-sdk-kms/1.11.714/aws-java-sdk-kms-1.11.714.jar:/home/carlos/.m2/repository/com/amazonaws/aws-java-sdk-core/1.11.714/aws-java-sdk-core-1.11.714.jar:/home/carlos/.m2/repository/org/apache/httpcomponents/httpclient/4.5.9/httpclient-4.5.9.jar:/home/carlos/.m2/repository/org/apache/httpcomponents/httpcore/4.4.11/httpcore-4.4.11.jar:/home/carlos/.m2/repository/commons-codec/commons-codec/1.11/commons-codec-1.11.jar:/home/carlos/.m2/repository/software/amazon/ion/ion-java/1.0.2/ion-java-1.0.2.jar:/home/carlos/.m2/repository/com/fasterxml/jackson/core/jackson-databind/2.6.7.3/jackson-databind-2.6.7.3.jar:/home/carlos/.m2/repository/com/fasterxml/jackson/core/jackson-annotations/2.6.0/jackson-annotations-2.6.0.jar:/home/carlos/.m2/repository/com/fasterxml/jackson/core/jackson-core/2.6.7/jackson-core-2.6.7.jar:/home/carlos/.m2/repository/com/fasterxml/jackson/dataformat/jackson-dataformat-cbor/2.6.7/jackson-dataformat-cbor-2.6.7.jar:/home/carlos/.m2/repository/joda-time/joda-time/2.8.1/joda-time-2.8.1.jar:/home/carlos/.m2/repository/com/amazonaws/jmespath-java/1.11.714/jmespath-java-1.11.714.jar:/home/carlos/.m2/repository/commons-io/commons-io/2.6/commons-io-2.6.jar:/home/carlos/.m2/repository/org/apache/commons/commons-lang3/3.9/commons-lang3-3.9.jar:/home/carlos/.m2/repository/javax/xml/bind/jaxb-api/2.3.1/jaxb-api-2.3.1.jar:/home/carlos/.m2/repository/javax/activation/javax.activation-api/1.2.0/javax.activation-api-1.2.0.jar:/home/carlos/.m2/repository/org/apache/logging/log4j/log4j-core/2.13.0/log4j-core-2.13.0.jar:/home/carlos/.m2/repository/org/apache/logging/log4j/log4j-api/2.13.0/log4j-api-2.13.0.jar:/home/carlos/.m2/repository/junit/junit/4.11/junit-4.11.jar:/home/carlos/.m2/repository/org/hamcrest/hamcrest-core/1.3/hamcrest-core-1.3.jar:/home/carlos/.m2/repository/org/jetbrains/annotations/19.0.0/annotations-19.0.0.jar:"/>
    <property name="sun.cpu.endian" value="little"/>
    <property name="user.home" value="/home/carlos"/>
    <property name="user.language" value="en"/>
    <property name="java.specification.vendor" value="Oracle Corporation"/>
    <property name="java.version.date" value="2020-01-14"/>
    <property name="java.home" value="/usr/lib/jvm/java-11-openjdk-amd64"/>
    <property name="file.separator" value="/"/>
    <property name="basedir" value="/home/carlos/Desktop/UNIVERSIDAD/LDS/LSDSP2/lab2/LSDS-Lab2/Lab 2"/>
    <property name="java.vm.compressedOopsMode" value="32-bit"/>
    <property name="line.separator" value="&#10;"/>
    <property name="java.specification.name" value="Java Platform API Specification"/>
    <property name="java.vm.specification.vendor" value="Oracle Corporation"/>
    <property name="java.awt.graphicsenv" value="sun.awt.X11GraphicsEnvironment"/>
    <property name="surefire.real.class.path" value="/home/carlos/Desktop/UNIVERSIDAD/LDS/LSDSP2/lab2/LSDS-Lab2/Lab 2/target/surefire/surefirebooter15127123967175279383.jar"/>
    <property name="sun.management.compiler" value="HotSpot 64-Bit Tiered Compilers"/>
    <property name="java.runtime.version" value="11.0.6+10-post-Ubuntu-1ubuntu118.04.1"/>
    <property name="user.name" value="carlos"/>
    <property name="path.separator" value=":"/>
    <property name="os.version" value="5.3.0-28-generic"/>
    <property name="java.runtime.name" value="OpenJDK Runtime Environment"/>
    <property name="file.encoding" value="UTF-8"/>
    <property name="java.vm.name" value="OpenJDK 64-Bit Server VM"/>
    <property name="localRepository" value="/home/carlos/.m2/repository"/>
    <property name="java.vendor.url.bug" value="https://bugs.launchpad.net/ubuntu/+source/openjdk-lts"/>
    <property name="java.io.tmpdir" value="/tmp"/>
    <property name="java.version" value="11.0.6"/>
    <property name="user.dir" value="/home/carlos/Desktop/UNIVERSIDAD/LDS/LSDSP2/lab2/LSDS-Lab2/Lab 2"/>
    <property name="os.arch" value="amd64"/>
    <property name="java.vm.specification.name" value="Java Virtual Machine Specification"/>
    <property name="java.awt.printerjob" value="sun.print.PSPrinterJob"/>
    <property name="sun.os.patch.level" value="unknown"/>
    <property name="java.library.path" value="/usr/java/packages/lib:/usr/lib/x86_64-linux-gnu/jni:/lib/x86_64-linux-gnu:/usr/lib/x86_64-linux-gnu:/usr/lib/jni:/lib:/usr/lib"/>
    <property name="java.vendor" value="Ubuntu"/>
    <property name="java.vm.info" value="mixed mode, sharing"/>
    <property name="java.vm.version" value="11.0.6+10-post-Ubuntu-1ubuntu118.04.1"/>
    <property name="sun.io.unicode.encoding" value="UnicodeLittle"/>
    <property name="java.class.version" value="55.0"/>
  </properties>
  <testcase name="shouldAnswerWithTrue" classname="upf.edu.TwitterFilterTest" time="0.001"/>
  <testcase name="shouldGetTwitter" classname="upf.edu.TwitterFilterTest" time="0.038"/>
  <testcase name="shouldNotGetEmptyLines" classname="upf.edu.TwitterFilterTest" time="0.001"/>
  <testcase name="InvalidTwitter" classname="upf.edu.TwitterFilterTest" time="0.012"/>
</testsuite>